c:\users\k023g\source\repos\cg2_demo\cg2_demo\x64\debug\imgui_impl_dx12.obj
c:\users\k023g\source\repos\cg2_demo\cg2_demo\x64\debug\imgui_draw.obj
c:\users\k023g\source\repos\cg2_demo\cg2_demo\x64\debug\imgui.obj
c:\users\k023g\source\repos\cg2_demo\cg2_demo\x64\debug\imgui_demo.obj
c:\users\k023g\source\repos\cg2_demo\cg2_demo\x64\debug\imgui_tables.obj
c:\users\k023g\source\repos\cg2_demo\cg2_demo\x64\debug\main.obj
c:\users\k023g\source\repos\cg2_demo\cg2_demo\x64\debug\imgui_widgets.obj
c:\users\k023g\source\repos\cg2_demo\cg2_demo\x64\debug\imgui_impl_win32.obj
c:\users\k023g\source\repos\cg2_demo\cg2_demo\x64\debug\particlepipeline.obj
c:\users\k023g\source\repos\cg2_demo\cg2_demo\x64\debug\gamescene.obj
c:\users\k023g\source\repos\cg2_demo\cg2_demo\x64\debug\basepipeline.obj
c:\users\k023g\source\repos\cg2_demo\cg2_demo\x64\debug\model.obj
c:\users\k023g\source\repos\cg2_demo\cg2_demo\x64\debug\metaballpipeline.obj
c:\users\k023g\source\repos\cg2_demo\cg2_demo\x64\debug\nonepipeline.obj
c:\users\k023g\source\repos\cg2_demo\cg2_demo\x64\debug\mesh.obj
c:\users\k023g\source\repos\cg2_demo\cg2_demo\x64\debug\graypipeline.obj
c:\users\k023g\source\repos\cg2_demo\cg2_demo\x64\debug\dxcompil.obj
c:\users\k023g\source\repos\cg2_demo\cg2_demo\x64\debug\debugcamera.obj
c:\users\k023g\source\repos\cg2_demo\cg2_demo\x64\debug\input.obj
c:\users\k023g\source\repos\cg2_demo\cg2_demo\x64\debug\matrixcalculation.obj
c:\users\k023g\source\repos\cg2_demo\cg2_demo\x64\debug\logger.obj
c:\users\k023g\source\repos\cg2_demo\cg2_demo\x64\debug\dxcom.obj
c:\users\k023g\source\repos\cg2_demo\cg2_demo\x64\debug\dxcommand.obj
c:\users\k023g\source\repos\cg2_demo\cg2_demo\x64\debug\imguimanager.obj
c:\users\k023g\source\repos\cg2_demo\cg2_demo\x64\debug\pipeline.obj
c:\users\k023g\source\repos\cg2_demo\cg2_demo\x64\debug\texturemanager.obj
c:\users\k023g\source\repos\cg2_demo\cg2_demo\x64\debug\gausspipeline.obj
c:\users\k023g\source\repos\cg2_demo\cg2_demo\x64\debug\mywindow.obj
c:\users\k023g\source\repos\cg2_demo\cg2_demo\x64\debug\audio.obj
c:\users\k023g\source\repos\cg2_demo\cg2_demo\x64\debug\myvec2.obj
c:\users\k023g\source\repos\cg2_demo\cg2_demo\x64\debug\myvec3.obj
c:\users\k023g\source\repos\cg2_demo\cg2_demo\x64\debug\material.obj
c:\users\k023g\source\repos\cg2_demo\cg2_demo\x64\debug\particleemitter.obj
c:\users\k023g\source\repos\cg2_demo\cg2_demo\x64\debug\particle.obj
c:\users\k023g\source\repos\cg2_demo\cg2_demo\x64\debug\fpskeeper.obj
c:\users\k023g\source\repos\cg2_demo\cg2_demo\x64\debug\particlemanager.obj
c:\users\k023g\source\repos\cg2_demo\cg2_demo\x64\debug\random.obj
c:\users\k023g\source\repos\cg2_demo\cg2_demo\x64\debug\srvmanager.obj
c:\users\k023g\source\repos\cg2_demo\cg2_demo\x64\debug\vc143.pdb
c:\users\k023g\source\repos\cg2_demo\cg2_demo\x64\debug\pointlightmanager.obj
c:\users\k023g\source\repos\cg2_demo\cg2_demo\x64\debug\globalvariables.obj
c:\users\k023g\source\repos\cg2_demo\cg2_demo\x64\debug\camera.obj
c:\users\k023g\source\repos\cg2_demo\cg2_demo\x64\debug\cameramanager.obj
c:\users\k023g\source\repos\cg2_demo\cg2_demo\x64\debug\spotlight.obj
c:\users\k023g\source\repos\cg2_demo\cg2_demo\x64\debug\object3dcommon.obj
c:\users\k023g\source\repos\cg2_demo\cg2_demo\x64\debug\pointlight.obj
c:\users\k023g\source\repos\cg2_demo\cg2_demo\x64\debug\modelmanager.obj
c:\users\k023g\source\repos\cg2_demo\cg2_demo\x64\debug\sprite.obj
c:\users\k023g\source\repos\cg2_demo\cg2_demo\x64\debug\object3d.obj
c:\users\k023g\source\repos\cg2_demo\cg2_demo\x64\debug\modelcommon.obj
c:\users\k023g\source\repos\cg2_demo\cg2_demo\x64\debug\directionlight.obj
c:\users\k023g\source\repos\cg2_demo\cg2_demo\x64\debug\pipelinemanager.obj
c:\users\k023g\source\repos\cg2_demo\cg2_demo\x64\debug\basescene.obj
c:\users\k023g\source\repos\cg2_demo\cg2_demo\x64\debug\titlescene.obj
c:\users\k023g\source\repos\cg2_demo\cg2_demo\x64\debug\resultscene.obj
c:\users\k023g\source\repos\cg2_demo\cg2_demo\x64\debug\noteenemystate_base.obj
c:\users\k023g\source\repos\cg2_demo\cg2_demo\x64\debug\noteenemystate_enemy.obj
c:\users\k023g\source\repos\cg2_demo\cg2_demo\x64\debug\collider.obj
c:\users\k023g\source\repos\cg2_demo\cg2_demo\x64\debug\contactrecord.obj
c:\users\k023g\source\repos\cg2_demo\cg2_demo\x64\debug\character.obj
c:\users\k023g\source\repos\cg2_demo\cg2_demo\x64\debug\primitivedrawer.obj
c:\users\k023g\source\repos\cg2_demo\cg2_demo\x64\debug\boss.obj
c:\users\k023g\source\repos\cg2_demo\cg2_demo\x64\debug\field.obj
c:\users\k023g\source\repos\cg2_demo\cg2_demo\x64\debug\primitivepipeline.obj
c:\users\k023g\source\repos\cg2_demo\cg2_demo\x64\debug\vector3.obj
c:\users\k023g\source\repos\cg2_demo\cg2_demo\x64\debug\boxcollider.obj
c:\users\k023g\source\repos\cg2_demo\cg2_demo\x64\debug\spherecollider.obj
c:\users\k023g\source\repos\cg2_demo\cg2_demo\x64\debug\scenemanager.obj
c:\users\k023g\source\repos\cg2_demo\cg2_demo\x64\debug\collisionmanager.obj
c:\users\k023g\source\repos\cg2_demo\cg2_demo\x64\debug\rightpipe.obj
c:\users\k023g\source\repos\cg2_demo\cg2_demo\x64\debug\noteenemy.obj
c:\users\k023g\source\repos\cg2_demo\cg2_demo\x64\debug\chainenemy.obj
c:\users\k023g\source\repos\cg2_demo\cg2_demo\x64\debug\obstacle.obj
c:\users\k023g\source\repos\cg2_demo\cg2_demo\x64\debug\enemymanager.obj
c:\users\k023g\source\repos\cg2_demo\cg2_demo\x64\debug\player.obj
c:\users\k023g\source\repos\cg2_demo\cg2_demo\x64\debug\vc143.idb
c:\users\k023g\source\repos\cg2_demo\x64\debug\fuji.exe
c:\users\k023g\source\repos\cg2_demo\x64\debug\cg2_demo.pdb
c:\users\k023g\source\repos\cg2_demo\cg2_demo\x64\debug\cg2_demo.ilk
c:\users\k023g\source\repos\cg2_demo\cg2_demo\x64\debug\baseobject.obj
c:\users\k023g\source\repos\cg2_demo\cg2_demo\x64\debug\directxcom.obj
c:\users\k023g\source\repos\cg2_demo\cg2_demo\x64\debug\enemy.obj
c:\users\k023g\source\repos\cg2_demo\cg2_demo\x64\debug\fuji.obj
c:\users\k023g\source\repos\cg2_demo\cg2_demo\x64\debug\line3ddrawer.obj
c:\users\k023g\source\repos\cg2_demo\cg2_demo\x64\debug\line3dpipe.obj
c:\users\k023g\source\repos\cg2_demo\cg2_demo\x64\debug\line3dpipeline.obj
c:\users\k023g\source\repos\cg2_demo\cg2_demo\x64\debug\linedrawer3d.obj
c:\users\k023g\source\repos\cg2_demo\cg2_demo\x64\debug\mapchipfield.obj
c:\users\k023g\source\repos\cg2_demo\cg2_demo\x64\debug\my.obj
c:\users\k023g\source\repos\cg2_demo\cg2_demo\x64\debug\railcamera.obj
c:\users\k023g\source\repos\cg2_demo\cg2_demo\x64\debug\raileditor.obj
c:\users\k023g\source\repos\cg2_demo\cg2_demo\x64\debug\dxcom.obj.enc
c:\users\k023g\source\repos\cg2_demo\cg2_demo\x64\debug\fuji.obj.enc
c:\users\k023g\source\repos\cg2_demo\cg2_demo\x64\debug\gamescene.obj.enc
c:\users\k023g\source\repos\cg2_demo\cg2_demo\x64\debug\graypipeline.obj.enc
c:\users\k023g\source\repos\cg2_demo\cg2_demo\x64\debug\imguimanager.obj.enc
c:\users\k023g\source\repos\cg2_demo\cg2_demo\x64\debug\main.obj.enc
c:\users\k023g\source\repos\cg2_demo\cg2_demo\x64\debug\noteenemy.obj.enc
c:\users\k023g\source\repos\cg2_demo\cg2_demo\x64\debug\particlemanager.obj.enc
c:\users\k023g\source\repos\cg2_demo\cg2_demo\x64\debug\scenemanager.obj.enc
c:\users\k023g\source\repos\cg2_demo\x64\debug\cg2_demo.ilk
c:\users\k023g\source\repos\cg2_demo\cg2_demo\x64\debug\cg2_demo.tlog\cl.command.1.tlog
c:\users\k023g\source\repos\cg2_demo\cg2_demo\x64\debug\cg2_demo.tlog\cl.items.tlog
c:\users\k023g\source\repos\cg2_demo\cg2_demo\x64\debug\cg2_demo.tlog\cl.read.1.tlog
c:\users\k023g\source\repos\cg2_demo\cg2_demo\x64\debug\cg2_demo.tlog\cl.write.1.tlog
c:\users\k023g\source\repos\cg2_demo\cg2_demo\x64\debug\cg2_demo.tlog\fxc.command.1.tlog
c:\users\k023g\source\repos\cg2_demo\cg2_demo\x64\debug\cg2_demo.tlog\link.command.1.tlog
c:\users\k023g\source\repos\cg2_demo\cg2_demo\x64\debug\cg2_demo.tlog\link.read.1.tlog
c:\users\k023g\source\repos\cg2_demo\cg2_demo\x64\debug\cg2_demo.tlog\link.secondary.1.tlog
c:\users\k023g\source\repos\cg2_demo\cg2_demo\x64\debug\cg2_demo.tlog\link.write.1.tlog
